TN:
SF:src/errors/customError.ts
FN:2,(anonymous_0)
FNF:1
FNH:0
FNDA:0,(anonymous_0)
DA:1,1
DA:3,0
DA:5,0
DA:7,0
DA:8,0
LF:5
LH:1
BRF:0
BRH:0
end_of_record
TN:
SF:src/modules/product/product.controller.ts
FN:10,(anonymous_8)
FN:10,(anonymous_9)
FN:80,(anonymous_10)
FN:80,(anonymous_11)
FN:155,(anonymous_12)
FN:155,(anonymous_13)
FN:197,(anonymous_14)
FN:197,(anonymous_15)
FN:281,(anonymous_16)
FN:281,(anonymous_17)
FN:311,(anonymous_18)
FN:311,(anonymous_19)
FN:337,(anonymous_20)
FN:337,(anonymous_21)
FNF:14
FNH:4
FNDA:2,(anonymous_8)
FNDA:2,(anonymous_9)
FNDA:3,(anonymous_10)
FNDA:3,(anonymous_11)
FNDA:0,(anonymous_12)
FNDA:0,(anonymous_13)
FNDA:0,(anonymous_14)
FNDA:0,(anonymous_15)
FNDA:0,(anonymous_16)
FNDA:0,(anonymous_17)
FNDA:0,(anonymous_18)
FNDA:0,(anonymous_19)
FNDA:0,(anonymous_20)
FNDA:0,(anonymous_21)
DA:2,1
DA:3,1
DA:5,1
DA:6,1
DA:7,1
DA:8,1
DA:10,2
DA:11,2
DA:12,2
DA:13,2
DA:15,2
DA:16,0
DA:17,0
DA:20,2
DA:22,2
DA:23,2
DA:24,1
DA:26,1
DA:27,1
DA:30,1
DA:31,1
DA:37,1
DA:39,1
DA:40,1
DA:41,1
DA:42,1
DA:44,1
DA:50,0
DA:51,0
DA:54,1
DA:56,1
DA:57,0
DA:64,1
DA:65,1
DA:72,0
DA:80,3
DA:81,3
DA:82,3
DA:83,3
DA:85,3
DA:86,0
DA:93,3
DA:94,2
DA:97,2
DA:98,2
DA:99,1
DA:106,1
DA:107,0
DA:114,1
DA:122,1
DA:128,1
DA:130,1
DA:131,1
DA:139,0
DA:140,0
DA:147,0
DA:155,1
DA:156,0
DA:157,0
DA:179,0
DA:181,0
DA:188,0
DA:189,0
DA:197,1
DA:198,0
DA:199,0
DA:200,0
DA:201,0
DA:203,0
DA:205,0
DA:206,0
DA:208,0
DA:209,0
DA:210,0
DA:212,0
DA:213,0
DA:220,0
DA:221,0
DA:222,0
DA:224,0
DA:225,0
DA:233,0
DA:235,0
DA:236,0
DA:254,0
DA:256,0
DA:262,0
DA:263,0
DA:271,0
DA:272,0
DA:281,1
DA:282,0
DA:283,0
DA:288,0
DA:289,0
DA:296,0
DA:302,0
DA:303,0
DA:311,1
DA:312,0
DA:313,0
DA:315,0
DA:316,0
DA:323,0
DA:328,0
DA:329,0
DA:337,1
DA:338,0
DA:339,0
DA:342,0
DA:343,0
DA:350,0
DA:352,0
DA:353,0
DA:361,0
DA:362,0
DA:370,0
DA:371,0
DA:373,0
DA:379,0
DA:380,0
LF:121
LH:50
BRDA:15,0,0,0
BRDA:15,1,0,0
BRDA:15,1,1,2
BRDA:15,2,0,2
BRDA:15,2,1,2
BRDA:34,3,0,1
BRDA:34,3,1,0
BRDA:34,4,0,1
BRDA:34,4,1,1
BRDA:56,5,0,0
BRDA:64,6,0,1
BRDA:85,7,0,0
BRDA:85,8,0,0
BRDA:85,8,1,3
BRDA:85,9,0,3
BRDA:85,9,1,3
BRDA:98,10,0,1
BRDA:106,11,0,0
BRDA:130,12,0,1
BRDA:139,13,0,0
BRDA:179,14,0,0
BRDA:179,14,1,0
BRDA:200,15,0,0
BRDA:205,16,0,0
BRDA:208,17,0,0
BRDA:220,18,0,0
BRDA:267,19,0,0
BRDA:267,19,1,0
BRDA:276,20,0,0
BRDA:276,20,1,0
BRDA:288,21,0,0
BRDA:315,22,0,0
BRDA:342,23,0,0
BRDA:342,24,0,0
BRDA:342,24,1,0
BRDA:352,25,0,0
BRDA:361,26,0,0
BRDA:361,27,0,0
BRDA:361,27,1,0
BRDA:361,28,0,0
BRDA:361,28,1,0
BRF:41
BRH:12
end_of_record
TN:
SF:src/modules/product/product.model.ts
FNF:0
FNH:0
DA:1,1
DA:4,1
DA:20,1
DA:21,1
LF:4
LH:4
BRF:0
BRH:0
end_of_record
TN:
SF:src/modules/product/product.validator.ts
FN:6,(anonymous_0)
FN:7,(anonymous_1)
FN:8,(anonymous_2)
FN:18,(anonymous_3)
FN:19,(anonymous_4)
FN:20,(anonymous_5)
FNF:6
FNH:6
FNDA:2,(anonymous_0)
FNDA:2,(anonymous_1)
FNDA:3,(anonymous_2)
FNDA:3,(anonymous_3)
FNDA:3,(anonymous_4)
FNDA:3,(anonymous_5)
DA:1,1
DA:2,1
DA:4,1
DA:6,2
DA:7,2
DA:8,3
DA:16,1
DA:18,3
DA:19,3
DA:20,3
DA:28,1
DA:32,1
DA:33,1
LF:13
LH:13
BRDA:8,0,0,0
BRDA:8,0,1,3
BRDA:18,1,0,0
BRDA:18,1,1,3
BRDA:19,2,0,0
BRDA:19,2,1,3
BRDA:20,3,0,0
BRDA:20,3,1,3
BRF:8
BRH:4
end_of_record
