TN:
SF:src/modules/product/product.controller.ts
FN:7,(anonymous_8)
FN:7,(anonymous_9)
FN:21,(anonymous_10)
FN:21,(anonymous_11)
FNF:4
FNH:4
FNDA:2,(anonymous_8)
FNDA:2,(anonymous_9)
FNDA:3,(anonymous_10)
FNDA:3,(anonymous_11)
DA:2,1
DA:4,1
DA:5,1
DA:7,2
DA:8,2
DA:9,2
DA:10,1
DA:11,1
DA:12,1
DA:14,1
DA:15,1
DA:17,0
DA:21,3
DA:22,3
DA:23,3
DA:24,2
DA:29,2
DA:30,1
DA:32,1
DA:34,1
DA:35,1
DA:37,0
LF:22
LH:20
BRDA:14,0,0,1
BRDA:29,1,0,1
BRDA:34,2,0,1
BRF:3
BRH:3
end_of_record
TN:
SF:src/modules/product/product.model.ts
FNF:0
FNH:0
DA:1,1
DA:4,1
DA:20,1
DA:21,1
LF:4
LH:4
BRF:0
BRH:0
end_of_record
TN:
SF:src/modules/product/product.validator.ts
FNF:0
FNH:0
DA:1,1
DA:3,1
DA:17,1
DA:31,1
DA:35,1
DA:36,1
LF:6
LH:6
BRF:0
BRH:0
end_of_record
